<?xml version="1.0" encoding="UTF-8"?>
<!-- Generated by org.testng.reporters.JUnitXMLReporter -->
<testsuite hostname="DESKTOP-7UKIVJ7" ignored="0" name="Command line test" tests="9" failures="0" timestamp="28 Feb 2019 22:20:04 GMT" time="98.612" errors="0">
  <testcase name="testLoginwithBlankData" time="0.535" classname="com.apex.ecommerce.login.LoginTest"/>
  <testcase name="testLoginwithBlankPassword" time="0.622" classname="com.apex.ecommerce.login.LoginTest"/>
  <testcase name="testLoginwithBlankUser" time="1.766" classname="com.apex.ecommerce.login.LoginTest"/>
  <testcase name="testLoginwithCorrectData" time="0.642" classname="com.apex.ecommerce.login.LoginTest"/>
  <testcase name="registrationTestwithNewEmailAndPasswordData" time="3.377" classname="com.apex.ecommerce.registration.RegistrationTest"/>
  <testcase name="registrationTestwithNewEmailandWrongConfromaPasswordData" time="2.758" classname="com.apex.ecommerce.registration.RegistrationTest"/>
  <testcase name="registrationTestwithUsedEmailandPasswordData" time="4.377" classname="com.apex.ecommerce.registration.RegistrationTest"/>
  <testcase name="f" time="26.735" classname="com.apex.ecommerce.SeleniumInterview.com.apex.ecommerce.SeleniumInterview.NewTest"/>
  <testcase name="orderTest" time="13.359" classname="com.apex.ecommerce.order.OrderTest"/>
</testsuite> <!-- Command line test -->
