<?xml version="1.0" encoding="UTF-8"?>
<testng-results skipped="0" failed="0" ignored="0" total="9" passed="9">
  <reporter-output>
  </reporter-output>
  <suite name="Command line suite" duration-ms="106279" started-at="2019-02-28T22:32:22Z" finished-at="2019-02-28T22:34:08Z">
    <groups>
    </groups>
    <test name="Command line test" duration-ms="106279" started-at="2019-02-28T22:32:22Z" finished-at="2019-02-28T22:34:08Z">
      <class name="com.apex.ecommerce.SeleniumInterview.com.apex.ecommerce.SeleniumInterview.NewTest">
        <test-method status="PASS" signature="f()[pri:0, instance:com.apex.ecommerce.SeleniumInterview.com.apex.ecommerce.SeleniumInterview.NewTest@7a5d012c]" name="f" duration-ms="30641" started-at="2019-02-28T14:33:25Z" finished-at="2019-02-28T14:33:56Z">
          <reporter-output>
          </reporter-output>
        </test-method> <!-- f -->
      </class> <!-- com.apex.ecommerce.SeleniumInterview.com.apex.ecommerce.SeleniumInterview.NewTest -->
      <class name="com.apex.ecommerce.order.OrderTest">
        <test-method status="PASS" signature="Setup()[pri:0, instance:com.apex.ecommerce.order.OrderTest@668bc3d5]" name="Setup" is-config="true" duration-ms="4150" started-at="2019-02-28T14:33:56Z" finished-at="2019-02-28T14:34:00Z">
          <reporter-output>
          </reporter-output>
        </test-method> <!-- Setup -->
        <test-method status="PASS" signature="orderTest()[pri:0, instance:com.apex.ecommerce.order.OrderTest@668bc3d5]" name="orderTest" duration-ms="8070" started-at="2019-02-28T14:34:00Z" finished-at="2019-02-28T14:34:08Z">
          <reporter-output>
          </reporter-output>
        </test-method> <!-- orderTest -->
        <test-method status="PASS" signature="CleanUp()[pri:0, instance:com.apex.ecommerce.order.OrderTest@668bc3d5]" name="CleanUp" is-config="true" duration-ms="104" started-at="2019-02-28T14:34:08Z" finished-at="2019-02-28T14:34:08Z">
          <reporter-output>
          </reporter-output>
        </test-method> <!-- CleanUp -->
      </class> <!-- com.apex.ecommerce.order.OrderTest -->
      <class name="com.apex.ecommerce.login.LoginTest">
        <test-method status="PASS" signature="Setup()[pri:0, instance:com.apex.ecommerce.login.LoginTest@380fb434]" name="Setup" is-config="true" duration-ms="8494" started-at="2019-02-28T14:32:22Z" finished-at="2019-02-28T14:32:30Z">
          <reporter-output>
          </reporter-output>
        </test-method> <!-- Setup -->
        <test-method status="PASS" signature="testLoginwithBlankData()[pri:0, instance:com.apex.ecommerce.login.LoginTest@380fb434]" name="testLoginwithBlankData" duration-ms="645" started-at="2019-02-28T14:32:30Z" finished-at="2019-02-28T14:32:31Z">
          <reporter-output>
          </reporter-output>
        </test-method> <!-- testLoginwithBlankData -->
        <test-method status="PASS" signature="CleanUp()[pri:0, instance:com.apex.ecommerce.login.LoginTest@380fb434]" name="CleanUp" is-config="true" duration-ms="182" started-at="2019-02-28T14:32:31Z" finished-at="2019-02-28T14:32:31Z">
          <reporter-output>
          </reporter-output>
        </test-method> <!-- CleanUp -->
        <test-method status="PASS" signature="Setup()[pri:0, instance:com.apex.ecommerce.login.LoginTest@380fb434]" name="Setup" is-config="true" duration-ms="8109" started-at="2019-02-28T14:32:31Z" finished-at="2019-02-28T14:32:39Z">
          <reporter-output>
          </reporter-output>
        </test-method> <!-- Setup -->
        <test-method status="PASS" signature="testLoginwithBlankPassword()[pri:0, instance:com.apex.ecommerce.login.LoginTest@380fb434]" name="testLoginwithBlankPassword" duration-ms="747" started-at="2019-02-28T14:32:39Z" finished-at="2019-02-28T14:32:40Z">
          <reporter-output>
          </reporter-output>
        </test-method> <!-- testLoginwithBlankPassword -->
        <test-method status="PASS" signature="CleanUp()[pri:0, instance:com.apex.ecommerce.login.LoginTest@380fb434]" name="CleanUp" is-config="true" duration-ms="102" started-at="2019-02-28T14:32:40Z" finished-at="2019-02-28T14:32:40Z">
          <reporter-output>
          </reporter-output>
        </test-method> <!-- CleanUp -->
        <test-method status="PASS" signature="Setup()[pri:0, instance:com.apex.ecommerce.login.LoginTest@380fb434]" name="Setup" is-config="true" duration-ms="6911" started-at="2019-02-28T14:32:40Z" finished-at="2019-02-28T14:32:47Z">
          <reporter-output>
          </reporter-output>
        </test-method> <!-- Setup -->
        <test-method status="PASS" signature="testLoginwithBlankUser()[pri:0, instance:com.apex.ecommerce.login.LoginTest@380fb434]" name="testLoginwithBlankUser" duration-ms="576" started-at="2019-02-28T14:32:47Z" finished-at="2019-02-28T14:32:48Z">
          <reporter-output>
          </reporter-output>
        </test-method> <!-- testLoginwithBlankUser -->
        <test-method status="PASS" signature="CleanUp()[pri:0, instance:com.apex.ecommerce.login.LoginTest@380fb434]" name="CleanUp" is-config="true" duration-ms="99" started-at="2019-02-28T14:32:48Z" finished-at="2019-02-28T14:32:48Z">
          <reporter-output>
          </reporter-output>
        </test-method> <!-- CleanUp -->
        <test-method status="PASS" signature="Setup()[pri:0, instance:com.apex.ecommerce.login.LoginTest@380fb434]" name="Setup" is-config="true" duration-ms="8642" started-at="2019-02-28T14:32:48Z" finished-at="2019-02-28T14:32:56Z">
          <reporter-output>
          </reporter-output>
        </test-method> <!-- Setup -->
        <test-method status="PASS" signature="testLoginwithCorrectData()[pri:0, instance:com.apex.ecommerce.login.LoginTest@380fb434]" name="testLoginwithCorrectData" duration-ms="581" started-at="2019-02-28T14:32:56Z" finished-at="2019-02-28T14:32:57Z">
          <reporter-output>
          </reporter-output>
        </test-method> <!-- testLoginwithCorrectData -->
        <test-method status="PASS" signature="CleanUp()[pri:0, instance:com.apex.ecommerce.login.LoginTest@380fb434]" name="CleanUp" is-config="true" duration-ms="89" started-at="2019-02-28T14:32:57Z" finished-at="2019-02-28T14:32:57Z">
          <reporter-output>
          </reporter-output>
        </test-method> <!-- CleanUp -->
      </class> <!-- com.apex.ecommerce.login.LoginTest -->
      <class name="com.apex.ecommerce.registration.RegistrationTest">
        <test-method status="PASS" signature="Setup()[pri:0, instance:com.apex.ecommerce.registration.RegistrationTest@3cda1055]" name="Setup" is-config="true" duration-ms="5757" started-at="2019-02-28T14:32:57Z" finished-at="2019-02-28T14:33:03Z">
          <reporter-output>
          </reporter-output>
        </test-method> <!-- Setup -->
        <test-method status="PASS" signature="registrationTestwithNewEmailAndPasswordData()[pri:0, instance:com.apex.ecommerce.registration.RegistrationTest@3cda1055]" name="registrationTestwithNewEmailAndPasswordData" duration-ms="2991" started-at="2019-02-28T14:33:03Z" finished-at="2019-02-28T14:33:06Z">
          <reporter-output>
          </reporter-output>
        </test-method> <!-- registrationTestwithNewEmailAndPasswordData -->
        <test-method status="PASS" signature="CleanUp()[pri:0, instance:com.apex.ecommerce.registration.RegistrationTest@3cda1055]" name="CleanUp" is-config="true" duration-ms="103" started-at="2019-02-28T14:33:06Z" finished-at="2019-02-28T14:33:06Z">
          <reporter-output>
          </reporter-output>
        </test-method> <!-- CleanUp -->
        <test-method status="PASS" signature="Setup()[pri:0, instance:com.apex.ecommerce.registration.RegistrationTest@3cda1055]" name="Setup" is-config="true" duration-ms="7379" started-at="2019-02-28T14:33:06Z" finished-at="2019-02-28T14:33:13Z">
          <reporter-output>
          </reporter-output>
        </test-method> <!-- Setup -->
        <test-method status="PASS" signature="registrationTestwithNewEmailandWrongConfromaPasswordData()[pri:0, instance:com.apex.ecommerce.registration.RegistrationTest@3cda1055]" name="registrationTestwithNewEmailandWrongConfromaPasswordData" duration-ms="3135" started-at="2019-02-28T14:33:13Z" finished-at="2019-02-28T14:33:16Z">
          <reporter-output>
          </reporter-output>
        </test-method> <!-- registrationTestwithNewEmailandWrongConfromaPasswordData -->
        <test-method status="PASS" signature="CleanUp()[pri:0, instance:com.apex.ecommerce.registration.RegistrationTest@3cda1055]" name="CleanUp" is-config="true" duration-ms="118" started-at="2019-02-28T14:33:16Z" finished-at="2019-02-28T14:33:17Z">
          <reporter-output>
          </reporter-output>
        </test-method> <!-- CleanUp -->
        <test-method status="PASS" signature="Setup()[pri:0, instance:com.apex.ecommerce.registration.RegistrationTest@3cda1055]" name="Setup" is-config="true" duration-ms="5332" started-at="2019-02-28T14:33:17Z" finished-at="2019-02-28T14:33:22Z">
          <reporter-output>
          </reporter-output>
        </test-method> <!-- Setup -->
        <test-method status="PASS" signature="registrationTestwithUsedEmailandPasswordData()[pri:0, instance:com.apex.ecommerce.registration.RegistrationTest@3cda1055]" name="registrationTestwithUsedEmailandPasswordData" duration-ms="3149" started-at="2019-02-28T14:33:22Z" finished-at="2019-02-28T14:33:25Z">
          <reporter-output>
          </reporter-output>
        </test-method> <!-- registrationTestwithUsedEmailandPasswordData -->
        <test-method status="PASS" signature="CleanUp()[pri:0, instance:com.apex.ecommerce.registration.RegistrationTest@3cda1055]" name="CleanUp" is-config="true" duration-ms="96" started-at="2019-02-28T14:33:25Z" finished-at="2019-02-28T14:33:25Z">
          <reporter-output>
          </reporter-output>
        </test-method> <!-- CleanUp -->
      </class> <!-- com.apex.ecommerce.registration.RegistrationTest -->
    </test> <!-- Command line test -->
  </suite> <!-- Command line suite -->
</testng-results>
