<?xml version="1.0" encoding="UTF-8"?>
<testng-results skipped="0" failed="0" ignored="0" total="9" passed="9">
  <reporter-output>
  </reporter-output>
  <suite name="Command line suite" duration-ms="139190" started-at="2019-02-28T21:45:41Z" finished-at="2019-02-28T21:48:01Z">
    <groups>
    </groups>
    <test name="Command line test" duration-ms="139190" started-at="2019-02-28T21:45:41Z" finished-at="2019-02-28T21:48:01Z">
      <class name="com.apex.ecommerce.SeleniumInterview.com.apex.ecommerce.SeleniumInterview.NewTest">
        <test-method status="PASS" signature="f()[pri:0, instance:com.apex.ecommerce.SeleniumInterview.com.apex.ecommerce.SeleniumInterview.NewTest@7a5d012c]" name="f" duration-ms="35712" started-at="2019-02-28T13:47:01Z" finished-at="2019-02-28T13:47:37Z">
          <reporter-output>
          </reporter-output>
        </test-method> <!-- f -->
      </class> <!-- com.apex.ecommerce.SeleniumInterview.com.apex.ecommerce.SeleniumInterview.NewTest -->
      <class name="com.apex.ecommerce.order.OrderTest">
        <test-method status="PASS" signature="Setup()[pri:0, instance:com.apex.ecommerce.order.OrderTest@668bc3d5]" name="Setup" is-config="true" duration-ms="9045" started-at="2019-02-28T13:47:37Z" finished-at="2019-02-28T13:47:46Z">
          <reporter-output>
          </reporter-output>
        </test-method> <!-- Setup -->
        <test-method status="PASS" signature="orderTest()[pri:0, instance:com.apex.ecommerce.order.OrderTest@668bc3d5]" name="orderTest" duration-ms="14415" started-at="2019-02-28T13:47:46Z" finished-at="2019-02-28T13:48:00Z">
          <reporter-output>
          </reporter-output>
        </test-method> <!-- orderTest -->
        <test-method status="PASS" signature="CleanUp()[pri:0, instance:com.apex.ecommerce.order.OrderTest@668bc3d5]" name="CleanUp" is-config="true" duration-ms="93" started-at="2019-02-28T13:48:00Z" finished-at="2019-02-28T13:48:01Z">
          <reporter-output>
          </reporter-output>
        </test-method> <!-- CleanUp -->
      </class> <!-- com.apex.ecommerce.order.OrderTest -->
      <class name="com.apex.ecommerce.login.LoginTest">
        <test-method status="PASS" signature="Setup()[pri:0, instance:com.apex.ecommerce.login.LoginTest@380fb434]" name="Setup" is-config="true" duration-ms="11020" started-at="2019-02-28T13:45:41Z" finished-at="2019-02-28T13:45:52Z">
          <reporter-output>
          </reporter-output>
        </test-method> <!-- Setup -->
        <test-method status="PASS" signature="testLoginwithBlankData()[pri:0, instance:com.apex.ecommerce.login.LoginTest@380fb434]" name="testLoginwithBlankData" duration-ms="785" started-at="2019-02-28T13:45:52Z" finished-at="2019-02-28T13:45:53Z">
          <reporter-output>
          </reporter-output>
        </test-method> <!-- testLoginwithBlankData -->
        <test-method status="PASS" signature="CleanUp()[pri:0, instance:com.apex.ecommerce.login.LoginTest@380fb434]" name="CleanUp" is-config="true" duration-ms="153" started-at="2019-02-28T13:45:53Z" finished-at="2019-02-28T13:45:53Z">
          <reporter-output>
          </reporter-output>
        </test-method> <!-- CleanUp -->
        <test-method status="PASS" signature="Setup()[pri:0, instance:com.apex.ecommerce.login.LoginTest@380fb434]" name="Setup" is-config="true" duration-ms="6925" started-at="2019-02-28T13:45:53Z" finished-at="2019-02-28T13:46:00Z">
          <reporter-output>
          </reporter-output>
        </test-method> <!-- Setup -->
        <test-method status="PASS" signature="testLoginwithBlankPassword()[pri:0, instance:com.apex.ecommerce.login.LoginTest@380fb434]" name="testLoginwithBlankPassword" duration-ms="743" started-at="2019-02-28T13:46:00Z" finished-at="2019-02-28T13:46:01Z">
          <reporter-output>
          </reporter-output>
        </test-method> <!-- testLoginwithBlankPassword -->
        <test-method status="PASS" signature="CleanUp()[pri:0, instance:com.apex.ecommerce.login.LoginTest@380fb434]" name="CleanUp" is-config="true" duration-ms="109" started-at="2019-02-28T13:46:01Z" finished-at="2019-02-28T13:46:01Z">
          <reporter-output>
          </reporter-output>
        </test-method> <!-- CleanUp -->
        <test-method status="PASS" signature="Setup()[pri:0, instance:com.apex.ecommerce.login.LoginTest@380fb434]" name="Setup" is-config="true" duration-ms="7262" started-at="2019-02-28T13:46:01Z" finished-at="2019-02-28T13:46:08Z">
          <reporter-output>
          </reporter-output>
        </test-method> <!-- Setup -->
        <test-method status="PASS" signature="testLoginwithBlankUser()[pri:0, instance:com.apex.ecommerce.login.LoginTest@380fb434]" name="testLoginwithBlankUser" duration-ms="590" started-at="2019-02-28T13:46:08Z" finished-at="2019-02-28T13:46:09Z">
          <reporter-output>
          </reporter-output>
        </test-method> <!-- testLoginwithBlankUser -->
        <test-method status="PASS" signature="CleanUp()[pri:0, instance:com.apex.ecommerce.login.LoginTest@380fb434]" name="CleanUp" is-config="true" duration-ms="121" started-at="2019-02-28T13:46:09Z" finished-at="2019-02-28T13:46:09Z">
          <reporter-output>
          </reporter-output>
        </test-method> <!-- CleanUp -->
        <test-method status="PASS" signature="Setup()[pri:0, instance:com.apex.ecommerce.login.LoginTest@380fb434]" name="Setup" is-config="true" duration-ms="9413" started-at="2019-02-28T13:46:09Z" finished-at="2019-02-28T13:46:19Z">
          <reporter-output>
          </reporter-output>
        </test-method> <!-- Setup -->
        <test-method status="PASS" signature="testLoginwithCorrectData()[pri:0, instance:com.apex.ecommerce.login.LoginTest@380fb434]" name="testLoginwithCorrectData" duration-ms="631" started-at="2019-02-28T13:46:19Z" finished-at="2019-02-28T13:46:19Z">
          <reporter-output>
          </reporter-output>
        </test-method> <!-- testLoginwithCorrectData -->
        <test-method status="PASS" signature="CleanUp()[pri:0, instance:com.apex.ecommerce.login.LoginTest@380fb434]" name="CleanUp" is-config="true" duration-ms="2268" started-at="2019-02-28T13:46:19Z" finished-at="2019-02-28T13:46:21Z">
          <reporter-output>
          </reporter-output>
        </test-method> <!-- CleanUp -->
      </class> <!-- com.apex.ecommerce.login.LoginTest -->
      <class name="com.apex.ecommerce.registration.RegistrationTest">
        <test-method status="PASS" signature="Setup()[pri:0, instance:com.apex.ecommerce.registration.RegistrationTest@3cda1055]" name="Setup" is-config="true" duration-ms="11261" started-at="2019-02-28T13:46:21Z" finished-at="2019-02-28T13:46:33Z">
          <reporter-output>
          </reporter-output>
        </test-method> <!-- Setup -->
        <test-method status="PASS" signature="registrationTestwithNewEmailAndPasswordData()[pri:0, instance:com.apex.ecommerce.registration.RegistrationTest@3cda1055]" name="registrationTestwithNewEmailAndPasswordData" duration-ms="3601" started-at="2019-02-28T13:46:33Z" finished-at="2019-02-28T13:46:36Z">
          <reporter-output>
          </reporter-output>
        </test-method> <!-- registrationTestwithNewEmailAndPasswordData -->
        <test-method status="PASS" signature="CleanUp()[pri:0, instance:com.apex.ecommerce.registration.RegistrationTest@3cda1055]" name="CleanUp" is-config="true" duration-ms="87" started-at="2019-02-28T13:46:36Z" finished-at="2019-02-28T13:46:36Z">
          <reporter-output>
          </reporter-output>
        </test-method> <!-- CleanUp -->
        <test-method status="PASS" signature="Setup()[pri:0, instance:com.apex.ecommerce.registration.RegistrationTest@3cda1055]" name="Setup" is-config="true" duration-ms="9446" started-at="2019-02-28T13:46:36Z" finished-at="2019-02-28T13:46:46Z">
          <reporter-output>
          </reporter-output>
        </test-method> <!-- Setup -->
        <test-method status="PASS" signature="registrationTestwithNewEmailandWrongConfromaPasswordData()[pri:0, instance:com.apex.ecommerce.registration.RegistrationTest@3cda1055]" name="registrationTestwithNewEmailandWrongConfromaPasswordData" duration-ms="3881" started-at="2019-02-28T13:46:46Z" finished-at="2019-02-28T13:46:50Z">
          <reporter-output>
          </reporter-output>
        </test-method> <!-- registrationTestwithNewEmailandWrongConfromaPasswordData -->
        <test-method status="PASS" signature="CleanUp()[pri:0, instance:com.apex.ecommerce.registration.RegistrationTest@3cda1055]" name="CleanUp" is-config="true" duration-ms="91" started-at="2019-02-28T13:46:50Z" finished-at="2019-02-28T13:46:50Z">
          <reporter-output>
          </reporter-output>
        </test-method> <!-- CleanUp -->
        <test-method status="PASS" signature="Setup()[pri:0, instance:com.apex.ecommerce.registration.RegistrationTest@3cda1055]" name="Setup" is-config="true" duration-ms="7384" started-at="2019-02-28T13:46:50Z" finished-at="2019-02-28T13:46:57Z">
          <reporter-output>
          </reporter-output>
        </test-method> <!-- Setup -->
        <test-method status="PASS" signature="registrationTestwithUsedEmailandPasswordData()[pri:0, instance:com.apex.ecommerce.registration.RegistrationTest@3cda1055]" name="registrationTestwithUsedEmailandPasswordData" duration-ms="4006" started-at="2019-02-28T13:46:57Z" finished-at="2019-02-28T13:47:01Z">
          <reporter-output>
          </reporter-output>
        </test-method> <!-- registrationTestwithUsedEmailandPasswordData -->
        <test-method status="PASS" signature="CleanUp()[pri:0, instance:com.apex.ecommerce.registration.RegistrationTest@3cda1055]" name="CleanUp" is-config="true" duration-ms="93" started-at="2019-02-28T13:47:01Z" finished-at="2019-02-28T13:47:01Z">
          <reporter-output>
          </reporter-output>
        </test-method> <!-- CleanUp -->
      </class> <!-- com.apex.ecommerce.registration.RegistrationTest -->
    </test> <!-- Command line test -->
  </suite> <!-- Command line suite -->
</testng-results>
